<?xml version="1.0" encoding="UTF-8"?>
<testng-results skipped="0" failed="0" ignored="0" total="1" passed="1">
  <reporter-output>
  </reporter-output>
  <suite name="Default suite" duration-ms="3611" started-at="2018-06-03T22:46:10Z" finished-at="2018-06-03T22:46:14Z">
    <groups>
    </groups>
    <test name="Default test" duration-ms="3611" started-at="2018-06-03T22:46:10Z" finished-at="2018-06-03T22:46:14Z">
      <class name="docker.docker.AppTest">
        <test-method status="PASS" signature="setUp()[pri:0, instance:docker.docker.AppTest@1bce4f0a]" name="setUp" is-config="true" duration-ms="1489" started-at="2018-06-03T15:46:10Z" finished-at="2018-06-03T15:46:12Z">
          <reporter-output>
          </reporter-output>
        </test-method> <!-- setUp -->
        <test-method status="PASS" signature="googleTest()[pri:0, instance:docker.docker.AppTest@1bce4f0a]" name="googleTest" duration-ms="2018" started-at="2018-06-03T15:46:12Z" finished-at="2018-06-03T15:46:14Z">
          <reporter-output>
          </reporter-output>
        </test-method> <!-- googleTest -->
        <test-method status="PASS" signature="tearDown()[pri:0, instance:docker.docker.AppTest@1bce4f0a]" name="tearDown" is-config="true" duration-ms="70" started-at="2018-06-03T15:46:14Z" finished-at="2018-06-03T15:46:14Z">
          <reporter-output>
          </reporter-output>
        </test-method> <!-- tearDown -->
      </class> <!-- docker.docker.AppTest -->
    </test> <!-- Default test -->
  </suite> <!-- Default suite -->
</testng-results>
